0 info it worked if it ends with ok
1 verbose cli [ 'node',
1 verbose cli   '/usr/local/bin/npm',
1 verbose cli   'install',
1 verbose cli   'angular-material-gridList' ]
2 info using npm@1.4.28
3 info using node@v0.10.35
4 warn package.json passport@0.3.2 No README data
5 verbose readDependencies using package.json deps
6 verbose cache add [ 'angular-material-gridList', null ]
7 verbose cache add name=undefined spec="angular-material-gridList" args=["angular-material-gridList",null]
8 verbose parsed url { protocol: null,
8 verbose parsed url   slashes: null,
8 verbose parsed url   auth: null,
8 verbose parsed url   host: null,
8 verbose parsed url   port: null,
8 verbose parsed url   hostname: null,
8 verbose parsed url   hash: null,
8 verbose parsed url   search: null,
8 verbose parsed url   query: null,
8 verbose parsed url   pathname: 'angular-material-gridList',
8 verbose parsed url   path: 'angular-material-gridList',
8 verbose parsed url   href: 'angular-material-gridList' }
9 silly lockFile 10d5e9aa-angular-material-gridList angular-material-gridList
10 verbose lock angular-material-gridList /Users/Katie/.npm/10d5e9aa-angular-material-gridList.lock
11 silly lockFile 10d5e9aa-angular-material-gridList angular-material-gridList
12 silly lockFile 10d5e9aa-angular-material-gridList angular-material-gridList
13 verbose addNamed [ 'angular-material-gridList', '' ]
14 verbose addNamed [ null, '*' ]
15 silly lockFile 1bb2db53-angular-material-gridList angular-material-gridList@
16 verbose lock angular-material-gridList@ /Users/Katie/.npm/1bb2db53-angular-material-gridList.lock
17 silly addNameRange { name: 'angular-material-gridList', range: '*', hasData: false }
18 verbose request where is /angular-material-gridList
19 verbose request registry https://registry.npmjs.org/
20 verbose request id acbf15c9c96e6094
21 verbose url raw /angular-material-gridList
22 verbose url resolving [ 'https://registry.npmjs.org/', './angular-material-gridList' ]
23 verbose url resolved https://registry.npmjs.org/angular-material-gridList
24 verbose request where is https://registry.npmjs.org/angular-material-gridList
25 info trying registry request attempt 1 at 21:05:37
26 http GET https://registry.npmjs.org/angular-material-gridList
27 http 404 https://registry.npmjs.org/angular-material-gridList
28 silly registry.get cb [ 404,
28 silly registry.get   { 'content-type': 'application/json',
28 silly registry.get     'cache-control': 'max-age=0',
28 silly registry.get     'content-length': '2',
28 silly registry.get     'accept-ranges': 'bytes',
28 silly registry.get     date: 'Fri, 27 Nov 2015 02:05:38 GMT',
28 silly registry.get     via: '1.1 varnish',
28 silly registry.get     connection: 'keep-alive',
28 silly registry.get     'x-served-by': 'cache-atl6234-ATL',
28 silly registry.get     'x-cache': 'MISS',
28 silly registry.get     'x-cache-hits': '0',
28 silly registry.get     'x-timer': 'S1448589937.179534,VS0,VE1229' } ]
29 silly lockFile 1bb2db53-angular-material-gridList angular-material-gridList@
30 silly lockFile 1bb2db53-angular-material-gridList angular-material-gridList@
31 error 404 Not Found
31 error 404
31 error 404 'angular-material-gridList' is not in the npm registry.
31 error 404 You should bug the author to publish it
31 error 404 It was specified as a dependency of 'ModestWear'
31 error 404
31 error 404 Note that you can also install from a
31 error 404 tarball, folder, or http url, or git url.
32 error System Darwin 14.3.0
33 error command "node" "/usr/local/bin/npm" "install" "angular-material-gridList"
34 error cwd /Users/Katie/ModestWear
35 error node -v v0.10.35
36 error npm -v 1.4.28
37 error code E404
38 verbose exit [ 1, true ]
